<?xml version="1.0" encoding="UTF-8"?>
<!-- Generated by org.testng.reporters.JUnitXMLReporter -->
<testsuite ignored="0" hostname="LAPTOP-Sachein" failures="0" tests="8" name="Default test" time="345.037" errors="0" timestamp="2023-06-05T12:29:31 IST">
  <testcase classname="testcomponent.RegressionTesting" name="testcase01" time="11.049"/>
  <testcase classname="testcomponent.RegressionTesting" name="testcase02" time="12.482"/>
  <testcase classname="testcomponent.RegressionTesting" name="testcase03" time="39.077"/>
  <testcase classname="testcomponent.RegressionTesting" name="testcase04" time="40.665"/>
  <testcase classname="testcomponent.RegressionTesting" name="testcase05" time="131.12"/>
  <testcase classname="testcomponent.RegressionTesting" name="testcase06" time="19.227"/>
  <testcase classname="testcomponent.RegressionTesting" name="testcase07" time="18.439"/>
  <testcase classname="testcomponent.RegressionTesting" name="testcase08" time="43.046"/>
</testsuite> <!-- Default test -->
