<?xml version="1.0" encoding="UTF-8"?>
<testng-results ignored="0" total="8" passed="8" failed="0" skipped="0">
  <reporter-output>
  </reporter-output>
  <suite started-at="2023-06-05T12:23:46 IST" name="Default suite" finished-at="2023-06-05T12:29:31 IST" duration-ms="345037">
    <groups>
    </groups>
    <test started-at="2023-06-05T12:23:46 IST" name="Default test" finished-at="2023-06-05T12:29:31 IST" duration-ms="345037">
      <class name="testcomponent.RegressionTesting">
        <test-method is-config="true" signature="beforesuite()[pri:0, instance:testcomponent.RegressionTesting@6025e1b6]" started-at="2023-06-05T12:23:46 IST" name="beforesuite" finished-at="2023-06-05T12:23:46 IST" duration-ms="195" status="PASS">
          <reporter-output>
          </reporter-output>
        </test-method> <!-- beforesuite -->
        <test-method is-config="true" signature="beforeTest()[pri:0, instance:testcomponent.RegressionTesting@6025e1b6]" started-at="2023-06-05T12:23:46 IST" name="beforeTest" finished-at="2023-06-05T12:23:49 IST" duration-ms="3417" status="PASS">
          <reporter-output>
          </reporter-output>
        </test-method> <!-- beforeTest -->
        <test-method signature="testcase01()[pri:0, instance:testcomponent.RegressionTesting@6025e1b6]" started-at="2023-06-05T12:23:49 IST" name="testcase01" finished-at="2023-06-05T12:24:00 IST" duration-ms="11049" status="PASS">
          <reporter-output>
          </reporter-output>
        </test-method> <!-- testcase01 -->
        <test-method is-config="true" signature="afterTest()[pri:0, instance:testcomponent.RegressionTesting@6025e1b6]" started-at="2023-06-05T12:24:00 IST" name="afterTest" finished-at="2023-06-05T12:24:02 IST" duration-ms="1224" status="PASS">
          <reporter-output>
          </reporter-output>
        </test-method> <!-- afterTest -->
        <test-method is-config="true" signature="beforeTest()[pri:0, instance:testcomponent.RegressionTesting@6025e1b6]" started-at="2023-06-05T12:24:02 IST" name="beforeTest" finished-at="2023-06-05T12:24:05 IST" duration-ms="3297" status="PASS">
          <reporter-output>
          </reporter-output>
        </test-method> <!-- beforeTest -->
        <test-method signature="testcase02()[pri:0, instance:testcomponent.RegressionTesting@6025e1b6]" started-at="2023-06-05T12:24:05 IST" name="testcase02" finished-at="2023-06-05T12:24:17 IST" duration-ms="12482" status="PASS">
          <reporter-output>
          </reporter-output>
        </test-method> <!-- testcase02 -->
        <test-method is-config="true" signature="afterTest()[pri:0, instance:testcomponent.RegressionTesting@6025e1b6]" started-at="2023-06-05T12:24:17 IST" name="afterTest" finished-at="2023-06-05T12:24:18 IST" duration-ms="638" status="PASS">
          <reporter-output>
          </reporter-output>
        </test-method> <!-- afterTest -->
        <test-method is-config="true" signature="beforeTest()[pri:0, instance:testcomponent.RegressionTesting@6025e1b6]" started-at="2023-06-05T12:24:18 IST" name="beforeTest" finished-at="2023-06-05T12:24:20 IST" duration-ms="2541" status="PASS">
          <reporter-output>
          </reporter-output>
        </test-method> <!-- beforeTest -->
        <test-method signature="testcase03()[pri:0, instance:testcomponent.RegressionTesting@6025e1b6]" started-at="2023-06-05T12:24:20 IST" name="testcase03" finished-at="2023-06-05T12:25:00 IST" duration-ms="39077" status="PASS">
          <reporter-output>
          </reporter-output>
        </test-method> <!-- testcase03 -->
        <test-method is-config="true" signature="afterTest()[pri:0, instance:testcomponent.RegressionTesting@6025e1b6]" started-at="2023-06-05T12:25:00 IST" name="afterTest" finished-at="2023-06-05T12:25:00 IST" duration-ms="248" status="PASS">
          <reporter-output>
          </reporter-output>
        </test-method> <!-- afterTest -->
        <test-method is-config="true" signature="beforeTest()[pri:0, instance:testcomponent.RegressionTesting@6025e1b6]" started-at="2023-06-05T12:25:00 IST" name="beforeTest" finished-at="2023-06-05T12:25:02 IST" duration-ms="2329" status="PASS">
          <reporter-output>
          </reporter-output>
        </test-method> <!-- beforeTest -->
        <test-method signature="testcase04()[pri:0, instance:testcomponent.RegressionTesting@6025e1b6]" started-at="2023-06-05T12:25:02 IST" name="testcase04" finished-at="2023-06-05T12:25:43 IST" duration-ms="40665" status="PASS">
          <reporter-output>
          </reporter-output>
        </test-method> <!-- testcase04 -->
        <test-method is-config="true" signature="afterTest()[pri:0, instance:testcomponent.RegressionTesting@6025e1b6]" started-at="2023-06-05T12:25:43 IST" name="afterTest" finished-at="2023-06-05T12:25:43 IST" duration-ms="270" status="PASS">
          <reporter-output>
          </reporter-output>
        </test-method> <!-- afterTest -->
        <test-method is-config="true" signature="beforeTest()[pri:0, instance:testcomponent.RegressionTesting@6025e1b6]" started-at="2023-06-05T12:25:43 IST" name="beforeTest" finished-at="2023-06-05T12:25:46 IST" duration-ms="2906" status="PASS">
          <reporter-output>
          </reporter-output>
        </test-method> <!-- beforeTest -->
        <test-method signature="testcase05()[pri:0, instance:testcomponent.RegressionTesting@6025e1b6]" started-at="2023-06-05T12:25:46 IST" name="testcase05" finished-at="2023-06-05T12:27:57 IST" duration-ms="131120" status="PASS">
          <reporter-output>
          </reporter-output>
        </test-method> <!-- testcase05 -->
        <test-method is-config="true" signature="afterTest()[pri:0, instance:testcomponent.RegressionTesting@6025e1b6]" started-at="2023-06-05T12:27:57 IST" name="afterTest" finished-at="2023-06-05T12:27:58 IST" duration-ms="571" status="PASS">
          <reporter-output>
          </reporter-output>
        </test-method> <!-- afterTest -->
        <test-method is-config="true" signature="beforeTest()[pri:0, instance:testcomponent.RegressionTesting@6025e1b6]" started-at="2023-06-05T12:27:58 IST" name="beforeTest" finished-at="2023-06-05T12:28:01 IST" duration-ms="3452" status="PASS">
          <reporter-output>
          </reporter-output>
        </test-method> <!-- beforeTest -->
        <test-method signature="testcase06()[pri:0, instance:testcomponent.RegressionTesting@6025e1b6]" started-at="2023-06-05T12:28:01 IST" name="testcase06" finished-at="2023-06-05T12:28:20 IST" duration-ms="19227" status="PASS">
          <reporter-output>
          </reporter-output>
        </test-method> <!-- testcase06 -->
        <test-method is-config="true" signature="afterTest()[pri:0, instance:testcomponent.RegressionTesting@6025e1b6]" started-at="2023-06-05T12:28:20 IST" name="afterTest" finished-at="2023-06-05T12:28:21 IST" duration-ms="398" status="PASS">
          <reporter-output>
          </reporter-output>
        </test-method> <!-- afterTest -->
        <test-method is-config="true" signature="beforeTest()[pri:0, instance:testcomponent.RegressionTesting@6025e1b6]" started-at="2023-06-05T12:28:21 IST" name="beforeTest" finished-at="2023-06-05T12:28:24 IST" duration-ms="2842" status="PASS">
          <reporter-output>
          </reporter-output>
        </test-method> <!-- beforeTest -->
        <test-method signature="testcase07()[pri:0, instance:testcomponent.RegressionTesting@6025e1b6]" started-at="2023-06-05T12:28:24 IST" name="testcase07" finished-at="2023-06-05T12:28:42 IST" duration-ms="18439" status="PASS">
          <reporter-output>
          </reporter-output>
        </test-method> <!-- testcase07 -->
        <test-method is-config="true" signature="afterTest()[pri:0, instance:testcomponent.RegressionTesting@6025e1b6]" started-at="2023-06-05T12:28:42 IST" name="afterTest" finished-at="2023-06-05T12:28:43 IST" duration-ms="660" status="PASS">
          <reporter-output>
          </reporter-output>
        </test-method> <!-- afterTest -->
        <test-method is-config="true" signature="beforeTest()[pri:0, instance:testcomponent.RegressionTesting@6025e1b6]" started-at="2023-06-05T12:28:43 IST" name="beforeTest" finished-at="2023-06-05T12:28:48 IST" duration-ms="4827" status="PASS">
          <reporter-output>
          </reporter-output>
        </test-method> <!-- beforeTest -->
        <test-method signature="testcase08()[pri:0, instance:testcomponent.RegressionTesting@6025e1b6]" started-at="2023-06-05T12:28:48 IST" name="testcase08" finished-at="2023-06-05T12:29:31 IST" duration-ms="43046" status="PASS">
          <reporter-output>
          </reporter-output>
        </test-method> <!-- testcase08 -->
        <test-method is-config="true" signature="afterTest()[pri:0, instance:testcomponent.RegressionTesting@6025e1b6]" started-at="2023-06-05T12:29:31 IST" name="afterTest" finished-at="2023-06-05T12:29:31 IST" duration-ms="231" status="PASS">
          <reporter-output>
          </reporter-output>
        </test-method> <!-- afterTest -->
        <test-method is-config="true" signature="afterSuite()[pri:0, instance:testcomponent.RegressionTesting@6025e1b6]" started-at="2023-06-05T12:29:31 IST" name="afterSuite" finished-at="2023-06-05T12:29:31 IST" duration-ms="443" status="PASS">
          <reporter-output>
          </reporter-output>
        </test-method> <!-- afterSuite -->
      </class> <!-- testcomponent.RegressionTesting -->
    </test> <!-- Default test -->
  </suite> <!-- Default suite -->
</testng-results>
